<?xml version="1.0" encoding="UTF-8"?>
<!-- Generated by org.testng.reporters.JUnitReportReporter -->
<testsuite hostname="Bashiuls-MacBook-Air.local" failures="0" tests="4" name="com.assignment.tests.PoiTest" time="28.219" errors="0" timestamp="2022-08-26T22:48:54 BDT" skipped="0">
  <testcase classname="com.assignment.tests.PoiTest" name="Test_001_openPoiUi" time="0.211"/>
  <system-out/>
  <testcase classname="com.assignment.tests.PoiTest" name="Test_004_checkEmbedContentWithLocationAndCategory" time="4.285"/>
  <system-out/>
  <testcase classname="com.assignment.tests.PoiTest" name="Test_002_checkEmbedContentWithNoLocation" time="12.157"/>
  <system-out/>
  <testcase classname="com.assignment.tests.PoiTest" name="Test_003_checkEmbedContentWithLocationAndNoCategory" time="11.566"/>
  <system-out/>
</testsuite> <!-- com.assignment.tests.PoiTest -->
