<?xml version="1.0" encoding="UTF-8"?>
<!-- Generated by org.testng.reporters.JUnitReportReporter -->
<testsuite hostname="Bashiuls-MacBook-Air.local" failures="0" tests="4" name="com.assignment.tests.PoiTest" time="31.967" errors="0" timestamp="2022-08-26T21:50:05 BDT" skipped="0">
  <testcase classname="com.assignment.tests.PoiTest" name="Test_001_openPoiUi" time="1.575"/>
  <system-out/>
  <testcase classname="com.assignment.tests.PoiTest" name="Test_002_checkEmbedContentWithNoLocation" time="16.652"/>
  <system-out/>
  <testcase classname="com.assignment.tests.PoiTest" name="Test_003_checkEmbedContentWithLocationAndNoCategory" time="8.716"/>
  <system-out/>
  <testcase classname="com.assignment.tests.PoiTest" name="Test_004_checkEmbedContentWithLocationAndCategory" time="5.024"/>
  <system-out/>
</testsuite> <!-- com.assignment.tests.PoiTest -->
