<?xml version="1.0" encoding="UTF-8"?>
<!-- Generated by org.testng.reporters.JUnitReportReporter -->
<testsuite hostname="Bashiuls-MacBook-Air.local" failures="0" tests="4" name="com.assignment.tests.PoiTest" time="25.161" errors="0" timestamp="2022-08-26T21:44:03 BDT" skipped="0">
  <testcase classname="com.assignment.tests.PoiTest" name="Test_001_openPoiUi" time="2.078"/>
  <system-out/>
  <testcase classname="com.assignment.tests.PoiTest" name="Test_004_checkEmbedContentWithLocationAndCategory" time="1.806"/>
  <system-out/>
  <testcase classname="com.assignment.tests.PoiTest" name="Test_003_checkEmbedContentWithLocationAndNoCategory" time="5.823"/>
  <system-out/>
  <testcase classname="com.assignment.tests.PoiTest" name="Test_002_checkEmbedContentWithNoLocation" time="15.454"/>
  <system-out/>
</testsuite> <!-- com.assignment.tests.PoiTest -->
